<?xml version="1.0" encoding="UTF-8"?>
<testng-results skipped="0" failed="0" total="1" passed="1">
  <reporter-output>
  </reporter-output>
  <suite name="Default suite" duration-ms="95417" started-at="2017-10-08T07:48:35Z" finished-at="2017-10-08T07:50:11Z">
    <groups>
    </groups>
    <test name="Default test" duration-ms="95417" started-at="2017-10-08T07:48:35Z" finished-at="2017-10-08T07:50:11Z">
      <class name="testCases.VerifyLoginPageWithReports">
        <test-method status="PASS" signature="setUp()[pri:0, instance:testCases.VerifyLoginPageWithReports@183eae7]" name="setUp" is-config="true" duration-ms="83256" started-at="2017-10-08T13:18:35Z" finished-at="2017-10-08T13:19:59Z">
          <reporter-output>
          </reporter-output>
        </test-method> <!-- setUp -->
        <test-method status="PASS" signature="testLoginPage()[pri:0, instance:testCases.VerifyLoginPageWithReports@183eae7]" name="testLoginPage" duration-ms="10501" started-at="2017-10-08T13:19:59Z" finished-at="2017-10-08T13:20:09Z">
          <reporter-output>
          </reporter-output>
        </test-method> <!-- testLoginPage -->
        <test-method status="PASS" signature="tearDown()[pri:0, instance:testCases.VerifyLoginPageWithReports@183eae7]" name="tearDown" is-config="true" duration-ms="1628" started-at="2017-10-08T13:20:09Z" finished-at="2017-10-08T13:20:11Z">
          <reporter-output>
          </reporter-output>
        </test-method> <!-- tearDown -->
      </class> <!-- testCases.VerifyLoginPageWithReports -->
    </test> <!-- Default test -->
  </suite> <!-- Default suite -->
</testng-results>
